<?xml version="1.0" encoding="UTF-8"?>
<!-- Generated by org.testng.reporters.JUnitReportReporter -->
<testsuite skipped="0" hostname="Rajendra-PC" name="testrunners.ParallelRun" tests="1" failures="0" timestamp="28 Jun 2022 03:44:16 GMT" time="16.764" errors="0">
  <testcase name="runScenario" time="16.764" classname="testrunners.ParallelRun"/>
</testsuite> <!-- testrunners.ParallelRun -->
